2025-01-25T00:10:47.940+03:00  INFO 31356 --- [Hackathon] [restartedMain] r.n.datastorage.DataStorageApplication   : Starting DataStorageApplication using Java 21.0.2 with PID 31356 (D:\Проекты\NeoFlex\NeoBot\Backend\data-storage\target\classes started by Admin in D:\Проекты\NeoFlex\NeoBot)
2025-01-25T00:10:47.951+03:00  INFO 31356 --- [Hackathon] [restartedMain] r.n.datastorage.DataStorageApplication   : The following 1 profile is active: "dev"
2025-01-25T00:10:48.005+03:00  INFO 31356 --- [Hackathon] [restartedMain] .e.DevToolsPropertyDefaultsPostProcessor : Devtools property defaults active! Set 'spring.devtools.add-properties' to 'false' to disable
2025-01-25T00:10:48.005+03:00  INFO 31356 --- [Hackathon] [restartedMain] .e.DevToolsPropertyDefaultsPostProcessor : For additional web related logging consider setting the 'logging.level.web' property to 'DEBUG'
2025-01-25T00:10:48.513+03:00  INFO 31356 --- [Hackathon] [restartedMain] .s.d.r.c.RepositoryConfigurationDelegate : Bootstrapping Spring Data JPA repositories in DEFAULT mode.
2025-01-25T00:10:48.557+03:00  INFO 31356 --- [Hackathon] [restartedMain] .s.d.r.c.RepositoryConfigurationDelegate : Finished Spring Data repository scanning in 38 ms. Found 3 JPA repository interfaces.
2025-01-25T00:10:49.234+03:00  INFO 31356 --- [Hackathon] [restartedMain] o.s.b.w.embedded.tomcat.TomcatWebServer  : Tomcat initialized with port 8080 (http)
2025-01-25T00:10:49.246+03:00  INFO 31356 --- [Hackathon] [restartedMain] o.apache.catalina.core.StandardService   : Starting service [Tomcat]
2025-01-25T00:10:49.246+03:00  INFO 31356 --- [Hackathon] [restartedMain] o.apache.catalina.core.StandardEngine    : Starting Servlet engine: [Apache Tomcat/10.1.31]
2025-01-25T00:10:49.299+03:00  INFO 31356 --- [Hackathon] [restartedMain] o.a.c.c.C.[Tomcat].[localhost].[/]       : Initializing Spring embedded WebApplicationContext
2025-01-25T00:10:49.299+03:00  INFO 31356 --- [Hackathon] [restartedMain] w.s.c.ServletWebServerApplicationContext : Root WebApplicationContext: initialization completed in 1281 ms
2025-01-25T00:10:49.323+03:00  INFO 31356 --- [Hackathon] [restartedMain] com.zaxxer.hikari.HikariDataSource       : HikariPool-1 - Starting...
2025-01-25T00:10:49.593+03:00  INFO 31356 --- [Hackathon] [restartedMain] com.zaxxer.hikari.pool.HikariPool        : HikariPool-1 - Added connection org.postgresql.jdbc.PgConnection@752ae124
2025-01-25T00:10:49.595+03:00  INFO 31356 --- [Hackathon] [restartedMain] com.zaxxer.hikari.HikariDataSource       : HikariPool-1 - Start completed.
2025-01-25T00:10:49.605+03:00  INFO 31356 --- [Hackathon] [restartedMain] o.s.b.a.h2.H2ConsoleAutoConfiguration    : H2 console available at '/h2-console'. Database available at 'jdbc:postgresql://localhost:5432/hackathon'
2025-01-25T00:10:49.908+03:00  INFO 31356 --- [Hackathon] [restartedMain] liquibase.database                       : Set default schema name to public
2025-01-25T00:10:50.334+03:00  INFO 31356 --- [Hackathon] [restartedMain] liquibase.changelog                      : Reading from public.databasechangelog
2025-01-25T00:10:50.373+03:00  INFO 31356 --- [Hackathon] [restartedMain] liquibase.ui                             : Database is up to date, no changesets to execute
2025-01-25T00:10:50.374+03:00  INFO 31356 --- [Hackathon] [restartedMain] liquibase.changelog                      : Reading from public.databasechangelog
2025-01-25T00:10:50.381+03:00  INFO 31356 --- [Hackathon] [restartedMain] liquibase.util                           : UPDATE SUMMARY
2025-01-25T00:10:50.381+03:00  INFO 31356 --- [Hackathon] [restartedMain] liquibase.util                           : Run:                          0
2025-01-25T00:10:50.382+03:00  INFO 31356 --- [Hackathon] [restartedMain] liquibase.util                           : Previously run:               4
2025-01-25T00:10:50.382+03:00  INFO 31356 --- [Hackathon] [restartedMain] liquibase.util                           : Filtered out:                 0
2025-01-25T00:10:50.382+03:00  INFO 31356 --- [Hackathon] [restartedMain] liquibase.util                           : -------------------------------
2025-01-25T00:10:50.382+03:00  INFO 31356 --- [Hackathon] [restartedMain] liquibase.util                           : Total change sets:            4
2025-01-25T00:10:50.383+03:00  INFO 31356 --- [Hackathon] [restartedMain] liquibase.util                           : Update summary generated
2025-01-25T00:10:50.406+03:00  INFO 31356 --- [Hackathon] [restartedMain] liquibase.lockservice                    : Successfully released change log lock
2025-01-25T00:10:50.407+03:00  INFO 31356 --- [Hackathon] [restartedMain] liquibase.command                        : Command execution complete
2025-01-25T00:10:50.477+03:00  INFO 31356 --- [Hackathon] [restartedMain] o.hibernate.jpa.internal.util.LogHelper  : HHH000204: Processing PersistenceUnitInfo [name: default]
2025-01-25T00:10:50.555+03:00  INFO 31356 --- [Hackathon] [restartedMain] org.hibernate.Version                    : HHH000412: Hibernate ORM core version 6.5.3.Final
2025-01-25T00:10:50.593+03:00  INFO 31356 --- [Hackathon] [restartedMain] o.h.c.internal.RegionFactoryInitiator    : HHH000026: Second-level cache disabled
2025-01-25T00:10:50.681+03:00  INFO 31356 --- [Hackathon] [restartedMain] o.h.e.boot.internal.EnversServiceImpl    : Envers integration enabled? : true
2025-01-25T00:10:50.954+03:00  INFO 31356 --- [Hackathon] [restartedMain] o.s.o.j.p.SpringPersistenceUnitInfo      : No LoadTimeWeaver setup: ignoring JPA class transformer
2025-01-25T00:10:51.036+03:00  WARN 31356 --- [Hackathon] [restartedMain] org.hibernate.orm.deprecation            : HHH90000025: PostgreSQLDialect does not need to be specified explicitly using 'hibernate.dialect' (remove the property setting and it will be selected by default)
2025-01-25T00:10:52.042+03:00  INFO 31356 --- [Hackathon] [restartedMain] o.h.e.t.j.p.i.JtaPlatformInitiator       : HHH000489: No JTA platform available (set 'hibernate.transaction.jta.platform' to enable JTA platform integration)
2025-01-25T00:10:52.084+03:00  INFO 31356 --- [Hackathon] [restartedMain] j.LocalContainerEntityManagerFactoryBean : Initialized JPA EntityManagerFactory for persistence unit 'default'
2025-01-25T00:10:52.504+03:00  WARN 31356 --- [Hackathon] [restartedMain] JpaBaseConfiguration$JpaWebConfiguration : spring.jpa.open-in-view is enabled by default. Therefore, database queries may be performed during view rendering. Explicitly configure spring.jpa.open-in-view to disable this warning
2025-01-25T00:10:52.904+03:00  INFO 31356 --- [Hackathon] [restartedMain] o.s.b.d.a.OptionalLiveReloadServer       : LiveReload server is running on port 35729
2025-01-25T00:10:52.935+03:00  INFO 31356 --- [Hackathon] [restartedMain] o.s.b.w.embedded.tomcat.TomcatWebServer  : Tomcat started on port 8080 (http) with context path '/'
2025-01-25T00:10:52.942+03:00  INFO 31356 --- [Hackathon] [restartedMain] r.n.datastorage.DataStorageApplication   : Started DataStorageApplication in 5.382 seconds (process running for 6.001)
2025-01-25T00:11:08.634+03:00  INFO 31356 --- [Hackathon] [SpringApplicationShutdownHook] j.LocalContainerEntityManagerFactoryBean : Closing JPA EntityManagerFactory for persistence unit 'default'
2025-01-25T00:11:08.637+03:00  INFO 31356 --- [Hackathon] [SpringApplicationShutdownHook] com.zaxxer.hikari.HikariDataSource       : HikariPool-1 - Shutdown initiated...
2025-01-25T00:11:08.650+03:00  INFO 31356 --- [Hackathon] [SpringApplicationShutdownHook] com.zaxxer.hikari.HikariDataSource       : HikariPool-1 - Shutdown completed.
2025-01-25T01:24:33.411+03:00  INFO 34676 --- [Hackathon] [restartedMain] r.n.datastorage.DataStorageApplication   : Starting DataStorageApplication using Java 21.0.2 with PID 34676 (D:\Проекты\NeoFlex\Hackathon\project\develop\backend\data-storage\target\classes started by Admin in D:\Проекты\NeoFlex\Hackathon\project)
2025-01-25T01:24:33.413+03:00  INFO 34676 --- [Hackathon] [restartedMain] r.n.datastorage.DataStorageApplication   : The following 1 profile is active: "dev"
2025-01-25T01:24:33.460+03:00  INFO 34676 --- [Hackathon] [restartedMain] .e.DevToolsPropertyDefaultsPostProcessor : Devtools property defaults active! Set 'spring.devtools.add-properties' to 'false' to disable
2025-01-25T01:24:33.460+03:00  INFO 34676 --- [Hackathon] [restartedMain] .e.DevToolsPropertyDefaultsPostProcessor : For additional web related logging consider setting the 'logging.level.web' property to 'DEBUG'
2025-01-25T01:24:34.080+03:00  INFO 34676 --- [Hackathon] [restartedMain] .s.d.r.c.RepositoryConfigurationDelegate : Bootstrapping Spring Data JPA repositories in DEFAULT mode.
2025-01-25T01:24:34.135+03:00  INFO 34676 --- [Hackathon] [restartedMain] .s.d.r.c.RepositoryConfigurationDelegate : Finished Spring Data repository scanning in 48 ms. Found 3 JPA repository interfaces.
2025-01-25T01:24:35.372+03:00  INFO 34676 --- [Hackathon] [restartedMain] o.s.b.w.embedded.tomcat.TomcatWebServer  : Tomcat initialized with port 8080 (http)
2025-01-25T01:24:35.384+03:00  INFO 34676 --- [Hackathon] [restartedMain] o.apache.catalina.core.StandardService   : Starting service [Tomcat]
2025-01-25T01:24:35.385+03:00  INFO 34676 --- [Hackathon] [restartedMain] o.apache.catalina.core.StandardEngine    : Starting Servlet engine: [Apache Tomcat/10.1.31]
2025-01-25T01:24:35.446+03:00  INFO 34676 --- [Hackathon] [restartedMain] o.a.c.c.C.[Tomcat].[localhost].[/]       : Initializing Spring embedded WebApplicationContext
2025-01-25T01:24:35.447+03:00  INFO 34676 --- [Hackathon] [restartedMain] w.s.c.ServletWebServerApplicationContext : Root WebApplicationContext: initialization completed in 1986 ms
2025-01-25T01:24:35.478+03:00  INFO 34676 --- [Hackathon] [restartedMain] com.zaxxer.hikari.HikariDataSource       : HikariPool-1 - Starting...
2025-01-25T01:24:35.654+03:00  INFO 34676 --- [Hackathon] [restartedMain] com.zaxxer.hikari.pool.HikariPool        : HikariPool-1 - Added connection org.postgresql.jdbc.PgConnection@47c8cb81
2025-01-25T01:24:35.656+03:00  INFO 34676 --- [Hackathon] [restartedMain] com.zaxxer.hikari.HikariDataSource       : HikariPool-1 - Start completed.
2025-01-25T01:24:35.731+03:00  INFO 34676 --- [Hackathon] [restartedMain] o.s.b.a.h2.H2ConsoleAutoConfiguration    : H2 console available at '/h2-console'. Database available at 'jdbc:postgresql://localhost:5432/hackathon'
2025-01-25T01:24:36.049+03:00  INFO 34676 --- [Hackathon] [restartedMain] liquibase.database                       : Set default schema name to public
2025-01-25T01:24:36.581+03:00  INFO 34676 --- [Hackathon] [restartedMain] liquibase.changelog                      : Reading from public.databasechangelog
2025-01-25T01:24:36.620+03:00  INFO 34676 --- [Hackathon] [restartedMain] liquibase.ui                             : Database is up to date, no changesets to execute
2025-01-25T01:24:36.622+03:00  INFO 34676 --- [Hackathon] [restartedMain] liquibase.changelog                      : Reading from public.databasechangelog
2025-01-25T01:24:36.630+03:00  INFO 34676 --- [Hackathon] [restartedMain] liquibase.util                           : UPDATE SUMMARY
2025-01-25T01:24:36.631+03:00  INFO 34676 --- [Hackathon] [restartedMain] liquibase.util                           : Run:                          0
2025-01-25T01:24:36.631+03:00  INFO 34676 --- [Hackathon] [restartedMain] liquibase.util                           : Previously run:               4
2025-01-25T01:24:36.631+03:00  INFO 34676 --- [Hackathon] [restartedMain] liquibase.util                           : Filtered out:                 0
2025-01-25T01:24:36.631+03:00  INFO 34676 --- [Hackathon] [restartedMain] liquibase.util                           : -------------------------------
2025-01-25T01:24:36.631+03:00  INFO 34676 --- [Hackathon] [restartedMain] liquibase.util                           : Total change sets:            4
2025-01-25T01:24:36.632+03:00  INFO 34676 --- [Hackathon] [restartedMain] liquibase.util                           : Update summary generated
2025-01-25T01:24:36.656+03:00  INFO 34676 --- [Hackathon] [restartedMain] liquibase.lockservice                    : Successfully released change log lock
2025-01-25T01:24:36.657+03:00  INFO 34676 --- [Hackathon] [restartedMain] liquibase.command                        : Command execution complete
2025-01-25T01:24:36.727+03:00  INFO 34676 --- [Hackathon] [restartedMain] o.hibernate.jpa.internal.util.LogHelper  : HHH000204: Processing PersistenceUnitInfo [name: default]
2025-01-25T01:24:36.880+03:00  INFO 34676 --- [Hackathon] [restartedMain] org.hibernate.Version                    : HHH000412: Hibernate ORM core version 6.5.3.Final
2025-01-25T01:24:37.017+03:00  INFO 34676 --- [Hackathon] [restartedMain] o.h.c.internal.RegionFactoryInitiator    : HHH000026: Second-level cache disabled
2025-01-25T01:24:37.156+03:00  INFO 34676 --- [Hackathon] [restartedMain] o.h.e.boot.internal.EnversServiceImpl    : Envers integration enabled? : true
2025-01-25T01:24:37.449+03:00  INFO 34676 --- [Hackathon] [restartedMain] o.s.o.j.p.SpringPersistenceUnitInfo      : No LoadTimeWeaver setup: ignoring JPA class transformer
2025-01-25T01:24:37.504+03:00  WARN 34676 --- [Hackathon] [restartedMain] org.hibernate.orm.deprecation            : HHH90000025: PostgreSQLDialect does not need to be specified explicitly using 'hibernate.dialect' (remove the property setting and it will be selected by default)
2025-01-25T01:24:38.421+03:00  INFO 34676 --- [Hackathon] [restartedMain] o.h.e.t.j.p.i.JtaPlatformInitiator       : HHH000489: No JTA platform available (set 'hibernate.transaction.jta.platform' to enable JTA platform integration)
2025-01-25T01:24:38.461+03:00  INFO 34676 --- [Hackathon] [restartedMain] j.LocalContainerEntityManagerFactoryBean : Initialized JPA EntityManagerFactory for persistence unit 'default'
2025-01-25T01:24:38.871+03:00  WARN 34676 --- [Hackathon] [restartedMain] JpaBaseConfiguration$JpaWebConfiguration : spring.jpa.open-in-view is enabled by default. Therefore, database queries may be performed during view rendering. Explicitly configure spring.jpa.open-in-view to disable this warning
2025-01-25T01:24:39.241+03:00  INFO 34676 --- [Hackathon] [restartedMain] o.s.b.d.a.OptionalLiveReloadServer       : LiveReload server is running on port 35729
2025-01-25T01:24:39.277+03:00  INFO 34676 --- [Hackathon] [restartedMain] o.s.b.w.embedded.tomcat.TomcatWebServer  : Tomcat started on port 8080 (http) with context path '/'
2025-01-25T01:24:39.284+03:00  INFO 34676 --- [Hackathon] [restartedMain] r.n.datastorage.DataStorageApplication   : Started DataStorageApplication in 6.458 seconds (process running for 7.356)
2025-01-25T01:24:59.793+03:00  INFO 34676 --- [Hackathon] [SpringApplicationShutdownHook] j.LocalContainerEntityManagerFactoryBean : Closing JPA EntityManagerFactory for persistence unit 'default'
2025-01-25T01:24:59.797+03:00  INFO 34676 --- [Hackathon] [SpringApplicationShutdownHook] com.zaxxer.hikari.HikariDataSource       : HikariPool-1 - Shutdown initiated...
2025-01-25T01:24:59.827+03:00  INFO 34676 --- [Hackathon] [SpringApplicationShutdownHook] com.zaxxer.hikari.HikariDataSource       : HikariPool-1 - Shutdown completed.
