2025-01-24T03:09:35.194+03:00  INFO 636 --- [Hackathon] [restartedMain] r.n.datastorage.DataStorageApplication   : Starting DataStorageApplication using Java 21.0.2 with PID 636 (D:\Проекты\NeoFlex\NeoBot\Backend\data-storage\target\classes started by Admin in D:\Проекты\NeoFlex\NeoBot)
2025-01-24T03:09:35.197+03:00  INFO 636 --- [Hackathon] [restartedMain] r.n.datastorage.DataStorageApplication   : The following 1 profile is active: "dev"
2025-01-24T03:09:35.258+03:00  INFO 636 --- [Hackathon] [restartedMain] .e.DevToolsPropertyDefaultsPostProcessor : Devtools property defaults active! Set 'spring.devtools.add-properties' to 'false' to disable
2025-01-24T03:09:35.258+03:00  INFO 636 --- [Hackathon] [restartedMain] .e.DevToolsPropertyDefaultsPostProcessor : For additional web related logging consider setting the 'logging.level.web' property to 'DEBUG'
2025-01-24T03:09:35.871+03:00  INFO 636 --- [Hackathon] [restartedMain] .s.d.r.c.RepositoryConfigurationDelegate : Bootstrapping Spring Data JPA repositories in DEFAULT mode.
2025-01-24T03:09:35.918+03:00  INFO 636 --- [Hackathon] [restartedMain] .s.d.r.c.RepositoryConfigurationDelegate : Finished Spring Data repository scanning in 39 ms. Found 2 JPA repository interfaces.
2025-01-24T03:09:36.712+03:00  INFO 636 --- [Hackathon] [restartedMain] o.s.b.w.embedded.tomcat.TomcatWebServer  : Tomcat initialized with port 8080 (http)
2025-01-24T03:09:36.726+03:00  INFO 636 --- [Hackathon] [restartedMain] o.apache.catalina.core.StandardService   : Starting service [Tomcat]
2025-01-24T03:09:36.726+03:00  INFO 636 --- [Hackathon] [restartedMain] o.apache.catalina.core.StandardEngine    : Starting Servlet engine: [Apache Tomcat/10.1.31]
2025-01-24T03:09:36.784+03:00  INFO 636 --- [Hackathon] [restartedMain] o.a.c.c.C.[Tomcat].[localhost].[/]       : Initializing Spring embedded WebApplicationContext
2025-01-24T03:09:36.784+03:00  INFO 636 --- [Hackathon] [restartedMain] w.s.c.ServletWebServerApplicationContext : Root WebApplicationContext: initialization completed in 1525 ms
2025-01-24T03:09:36.810+03:00  INFO 636 --- [Hackathon] [restartedMain] com.zaxxer.hikari.HikariDataSource       : HikariPool-1 - Starting...
2025-01-24T03:09:37.080+03:00  INFO 636 --- [Hackathon] [restartedMain] com.zaxxer.hikari.pool.HikariPool        : HikariPool-1 - Added connection org.postgresql.jdbc.PgConnection@25c8c453
2025-01-24T03:09:37.082+03:00  INFO 636 --- [Hackathon] [restartedMain] com.zaxxer.hikari.HikariDataSource       : HikariPool-1 - Start completed.
2025-01-24T03:09:37.091+03:00  INFO 636 --- [Hackathon] [restartedMain] o.s.b.a.h2.H2ConsoleAutoConfiguration    : H2 console available at '/h2-console'. Database available at 'jdbc:postgresql://localhost:5432/hackathon'
2025-01-24T03:09:37.412+03:00  INFO 636 --- [Hackathon] [restartedMain] liquibase.database                       : Set default schema name to public
2025-01-24T03:09:37.822+03:00  INFO 636 --- [Hackathon] [restartedMain] liquibase.changelog                      : Reading from public.databasechangelog
2025-01-24T03:09:37.859+03:00  INFO 636 --- [Hackathon] [restartedMain] liquibase.ui                             : Database is up to date, no changesets to execute
2025-01-24T03:09:37.860+03:00  INFO 636 --- [Hackathon] [restartedMain] liquibase.changelog                      : Reading from public.databasechangelog
2025-01-24T03:09:37.868+03:00  INFO 636 --- [Hackathon] [restartedMain] liquibase.util                           : UPDATE SUMMARY
2025-01-24T03:09:37.868+03:00  INFO 636 --- [Hackathon] [restartedMain] liquibase.util                           : Run:                          0
2025-01-24T03:09:37.868+03:00  INFO 636 --- [Hackathon] [restartedMain] liquibase.util                           : Previously run:               3
2025-01-24T03:09:37.868+03:00  INFO 636 --- [Hackathon] [restartedMain] liquibase.util                           : Filtered out:                 0
2025-01-24T03:09:37.868+03:00  INFO 636 --- [Hackathon] [restartedMain] liquibase.util                           : -------------------------------
2025-01-24T03:09:37.868+03:00  INFO 636 --- [Hackathon] [restartedMain] liquibase.util                           : Total change sets:            3
2025-01-24T03:09:37.869+03:00  INFO 636 --- [Hackathon] [restartedMain] liquibase.util                           : Update summary generated
2025-01-24T03:09:37.893+03:00  INFO 636 --- [Hackathon] [restartedMain] liquibase.lockservice                    : Successfully released change log lock
2025-01-24T03:09:37.895+03:00  INFO 636 --- [Hackathon] [restartedMain] liquibase.command                        : Command execution complete
2025-01-24T03:09:37.964+03:00  INFO 636 --- [Hackathon] [restartedMain] o.hibernate.jpa.internal.util.LogHelper  : HHH000204: Processing PersistenceUnitInfo [name: default]
2025-01-24T03:09:38.057+03:00  INFO 636 --- [Hackathon] [restartedMain] org.hibernate.Version                    : HHH000412: Hibernate ORM core version 6.5.3.Final
2025-01-24T03:09:38.110+03:00  INFO 636 --- [Hackathon] [restartedMain] o.h.c.internal.RegionFactoryInitiator    : HHH000026: Second-level cache disabled
2025-01-24T03:09:38.464+03:00  INFO 636 --- [Hackathon] [restartedMain] o.s.o.j.p.SpringPersistenceUnitInfo      : No LoadTimeWeaver setup: ignoring JPA class transformer
2025-01-24T03:09:38.537+03:00  WARN 636 --- [Hackathon] [restartedMain] org.hibernate.orm.deprecation            : HHH90000025: PostgreSQLDialect does not need to be specified explicitly using 'hibernate.dialect' (remove the property setting and it will be selected by default)
2025-01-24T03:09:39.451+03:00  INFO 636 --- [Hackathon] [restartedMain] o.h.e.t.j.p.i.JtaPlatformInitiator       : HHH000489: No JTA platform available (set 'hibernate.transaction.jta.platform' to enable JTA platform integration)
2025-01-24T03:09:39.493+03:00  INFO 636 --- [Hackathon] [restartedMain] j.LocalContainerEntityManagerFactoryBean : Initialized JPA EntityManagerFactory for persistence unit 'default'
2025-01-24T03:09:39.922+03:00  WARN 636 --- [Hackathon] [restartedMain] JpaBaseConfiguration$JpaWebConfiguration : spring.jpa.open-in-view is enabled by default. Therefore, database queries may be performed during view rendering. Explicitly configure spring.jpa.open-in-view to disable this warning
2025-01-24T03:09:40.293+03:00  INFO 636 --- [Hackathon] [restartedMain] o.s.b.d.a.OptionalLiveReloadServer       : LiveReload server is running on port 35729
2025-01-24T03:09:40.327+03:00  INFO 636 --- [Hackathon] [restartedMain] o.s.b.w.embedded.tomcat.TomcatWebServer  : Tomcat started on port 8080 (http) with context path '/'
2025-01-24T03:09:40.335+03:00  INFO 636 --- [Hackathon] [restartedMain] r.n.datastorage.DataStorageApplication   : Started DataStorageApplication in 5.551 seconds (process running for 6.295)
2025-01-24T03:09:45.257+03:00  INFO 636 --- [Hackathon] [SpringApplicationShutdownHook] j.LocalContainerEntityManagerFactoryBean : Closing JPA EntityManagerFactory for persistence unit 'default'
2025-01-24T03:09:45.260+03:00  INFO 636 --- [Hackathon] [SpringApplicationShutdownHook] com.zaxxer.hikari.HikariDataSource       : HikariPool-1 - Shutdown initiated...
2025-01-24T03:09:45.263+03:00  INFO 636 --- [Hackathon] [SpringApplicationShutdownHook] com.zaxxer.hikari.HikariDataSource       : HikariPool-1 - Shutdown completed.
