2025-01-25T01:17:31.812+03:00  INFO 32724 --- [Hackathon] [restartedMain] r.n.datastorage.DataStorageApplication   : Starting DataStorageApplication using Java 21.0.2 with PID 32724 (D:\Проекты\NeoFlex\Hackathon\project\develop\backend\data-storage\target\classes started by Admin in D:\Проекты\NeoFlex\Hackathon\project)
2025-01-25T01:17:31.820+03:00  INFO 32724 --- [Hackathon] [restartedMain] r.n.datastorage.DataStorageApplication   : The following 1 profile is active: "dev"
2025-01-25T01:17:31.907+03:00  INFO 32724 --- [Hackathon] [restartedMain] .e.DevToolsPropertyDefaultsPostProcessor : Devtools property defaults active! Set 'spring.devtools.add-properties' to 'false' to disable
2025-01-25T01:17:31.907+03:00  INFO 32724 --- [Hackathon] [restartedMain] .e.DevToolsPropertyDefaultsPostProcessor : For additional web related logging consider setting the 'logging.level.web' property to 'DEBUG'
2025-01-25T01:17:33.555+03:00  INFO 32724 --- [Hackathon] [restartedMain] .s.d.r.c.RepositoryConfigurationDelegate : Bootstrapping Spring Data JPA repositories in DEFAULT mode.
2025-01-25T01:17:33.734+03:00  INFO 32724 --- [Hackathon] [restartedMain] .s.d.r.c.RepositoryConfigurationDelegate : Finished Spring Data repository scanning in 165 ms. Found 3 JPA repository interfaces.
2025-01-25T01:17:34.745+03:00  INFO 32724 --- [Hackathon] [restartedMain] o.s.b.w.embedded.tomcat.TomcatWebServer  : Tomcat initialized with port 8080 (http)
2025-01-25T01:17:34.761+03:00  INFO 32724 --- [Hackathon] [restartedMain] o.apache.catalina.core.StandardService   : Starting service [Tomcat]
2025-01-25T01:17:34.762+03:00  INFO 32724 --- [Hackathon] [restartedMain] o.apache.catalina.core.StandardEngine    : Starting Servlet engine: [Apache Tomcat/10.1.31]
2025-01-25T01:17:34.834+03:00  INFO 32724 --- [Hackathon] [restartedMain] o.a.c.c.C.[Tomcat].[localhost].[/]       : Initializing Spring embedded WebApplicationContext
2025-01-25T01:17:34.835+03:00  INFO 32724 --- [Hackathon] [restartedMain] w.s.c.ServletWebServerApplicationContext : Root WebApplicationContext: initialization completed in 2927 ms
2025-01-25T01:17:34.909+03:00  INFO 32724 --- [Hackathon] [restartedMain] com.zaxxer.hikari.HikariDataSource       : HikariPool-1 - Starting...
2025-01-25T01:17:35.223+03:00  INFO 32724 --- [Hackathon] [restartedMain] com.zaxxer.hikari.pool.HikariPool        : HikariPool-1 - Added connection org.postgresql.jdbc.PgConnection@33945b64
2025-01-25T01:17:35.224+03:00  INFO 32724 --- [Hackathon] [restartedMain] com.zaxxer.hikari.HikariDataSource       : HikariPool-1 - Start completed.
2025-01-25T01:17:35.234+03:00  INFO 32724 --- [Hackathon] [restartedMain] o.s.b.a.h2.H2ConsoleAutoConfiguration    : H2 console available at '/h2-console'. Database available at 'jdbc:postgresql://localhost:5432/hackathon'
2025-01-25T01:17:35.827+03:00  INFO 32724 --- [Hackathon] [restartedMain] liquibase.database                       : Set default schema name to public
2025-01-25T01:17:37.041+03:00  INFO 32724 --- [Hackathon] [restartedMain] liquibase.changelog                      : Reading from public.databasechangelog
2025-01-25T01:17:37.096+03:00  INFO 32724 --- [Hackathon] [restartedMain] liquibase.ui                             : Database is up to date, no changesets to execute
2025-01-25T01:17:37.098+03:00  INFO 32724 --- [Hackathon] [restartedMain] liquibase.changelog                      : Reading from public.databasechangelog
2025-01-25T01:17:37.109+03:00  INFO 32724 --- [Hackathon] [restartedMain] liquibase.util                           : UPDATE SUMMARY
2025-01-25T01:17:37.110+03:00  INFO 32724 --- [Hackathon] [restartedMain] liquibase.util                           : Run:                          0
2025-01-25T01:17:37.110+03:00  INFO 32724 --- [Hackathon] [restartedMain] liquibase.util                           : Previously run:               4
2025-01-25T01:17:37.110+03:00  INFO 32724 --- [Hackathon] [restartedMain] liquibase.util                           : Filtered out:                 0
2025-01-25T01:17:37.111+03:00  INFO 32724 --- [Hackathon] [restartedMain] liquibase.util                           : -------------------------------
2025-01-25T01:17:37.111+03:00  INFO 32724 --- [Hackathon] [restartedMain] liquibase.util                           : Total change sets:            4
2025-01-25T01:17:37.112+03:00  INFO 32724 --- [Hackathon] [restartedMain] liquibase.util                           : Update summary generated
2025-01-25T01:17:37.144+03:00  INFO 32724 --- [Hackathon] [restartedMain] liquibase.lockservice                    : Successfully released change log lock
2025-01-25T01:17:37.145+03:00  INFO 32724 --- [Hackathon] [restartedMain] liquibase.command                        : Command execution complete
2025-01-25T01:17:37.221+03:00  INFO 32724 --- [Hackathon] [restartedMain] o.hibernate.jpa.internal.util.LogHelper  : HHH000204: Processing PersistenceUnitInfo [name: default]
2025-01-25T01:17:37.374+03:00  INFO 32724 --- [Hackathon] [restartedMain] org.hibernate.Version                    : HHH000412: Hibernate ORM core version 6.5.3.Final
2025-01-25T01:17:37.412+03:00  INFO 32724 --- [Hackathon] [restartedMain] o.h.c.internal.RegionFactoryInitiator    : HHH000026: Second-level cache disabled
2025-01-25T01:17:37.580+03:00  INFO 32724 --- [Hackathon] [restartedMain] o.h.e.boot.internal.EnversServiceImpl    : Envers integration enabled? : true
2025-01-25T01:17:37.810+03:00  INFO 32724 --- [Hackathon] [restartedMain] o.s.o.j.p.SpringPersistenceUnitInfo      : No LoadTimeWeaver setup: ignoring JPA class transformer
2025-01-25T01:17:37.867+03:00  WARN 32724 --- [Hackathon] [restartedMain] org.hibernate.orm.deprecation            : HHH90000025: PostgreSQLDialect does not need to be specified explicitly using 'hibernate.dialect' (remove the property setting and it will be selected by default)
2025-01-25T01:17:39.076+03:00  INFO 32724 --- [Hackathon] [restartedMain] o.h.e.t.j.p.i.JtaPlatformInitiator       : HHH000489: No JTA platform available (set 'hibernate.transaction.jta.platform' to enable JTA platform integration)
2025-01-25T01:17:39.148+03:00  INFO 32724 --- [Hackathon] [restartedMain] j.LocalContainerEntityManagerFactoryBean : Initialized JPA EntityManagerFactory for persistence unit 'default'
2025-01-25T01:17:39.673+03:00  WARN 32724 --- [Hackathon] [restartedMain] JpaBaseConfiguration$JpaWebConfiguration : spring.jpa.open-in-view is enabled by default. Therefore, database queries may be performed during view rendering. Explicitly configure spring.jpa.open-in-view to disable this warning
2025-01-25T01:17:40.184+03:00  INFO 32724 --- [Hackathon] [restartedMain] o.s.b.d.a.OptionalLiveReloadServer       : LiveReload server is running on port 35729
2025-01-25T01:17:40.223+03:00  INFO 32724 --- [Hackathon] [restartedMain] o.s.b.w.embedded.tomcat.TomcatWebServer  : Tomcat started on port 8080 (http) with context path '/'
2025-01-25T01:17:40.233+03:00  INFO 32724 --- [Hackathon] [restartedMain] r.n.datastorage.DataStorageApplication   : Started DataStorageApplication in 9.311 seconds (process running for 11.002)
2025-01-25T01:18:11.146+03:00  INFO 32724 --- [Hackathon] [http-nio-8080-exec-1] o.a.c.c.C.[Tomcat].[localhost].[/]       : Initializing Spring DispatcherServlet 'dispatcherServlet'
2025-01-25T01:18:11.146+03:00  INFO 32724 --- [Hackathon] [http-nio-8080-exec-1] o.s.web.servlet.DispatcherServlet        : Initializing Servlet 'dispatcherServlet'
2025-01-25T01:18:11.149+03:00  INFO 32724 --- [Hackathon] [http-nio-8080-exec-1] o.s.web.servlet.DispatcherServlet        : Completed initialization in 2 ms
2025-01-25T01:19:31.812+03:00  INFO 32724 --- [Hackathon] [SpringApplicationShutdownHook] j.LocalContainerEntityManagerFactoryBean : Closing JPA EntityManagerFactory for persistence unit 'default'
2025-01-25T01:19:31.815+03:00  INFO 32724 --- [Hackathon] [SpringApplicationShutdownHook] com.zaxxer.hikari.HikariDataSource       : HikariPool-1 - Shutdown initiated...
2025-01-25T01:19:31.817+03:00  INFO 32724 --- [Hackathon] [SpringApplicationShutdownHook] com.zaxxer.hikari.HikariDataSource       : HikariPool-1 - Shutdown completed.
